<?xml version="1.0" encoding="UTF-8"?>
<resource xmlns:xsi="http://www.w3.org/2001/XMLSchema-instance" xmlns="http://datacite.org/schema/kernel-4" xsi:schemaLocation="http://datacite.org/schema/kernel-4 http://schema.datacite.org/meta/kernel-4.2/metadata.xsd">
    <identifier identifierType="DOI">10.21373/ueml3f</identifier>
    <creators>
        <creator>
            <creatorName nameType="Personal">Podolskiy, Mike</creatorName>
            <givenName>Mike</givenName>
            <familyName>Podolskiy</familyName>
        </creator>
    </creators>
    <titles>
        <title xml:lang="en">MP Test</title>
    </titles>
    <publisher xml:lang="en">GBIF</publisher>
    <publicationYear>2019</publicationYear>
    <language>en</language>
    <resourceType resourceTypeGeneral="Dataset">Dataset</resourceType>
    <version>1.0</version>
    <descriptions>
        <description xml:lang="en" descriptionType="Abstract">Test</description>
    </descriptions>
</resource>